#
# There is insufficient memory for the Java Runtime Environment to continue.
# Native memory allocation (malloc) failed to allocate 582096 bytes for Chunk::new
# Possible reasons:
#   The system is out of physical RAM or swap space
#   The process is running with CompressedOops enabled, and the Java Heap may be blocking the growth of the native heap
# Possible solutions:
#   Reduce memory load on the system
#   Increase physical memory or swap space
#   Check if swap backing store is full
#   Decrease Java heap size (-Xmx/-Xms)
#   Decrease number of Java threads
#   Decrease Java thread stack sizes (-Xss)
#   Set larger code cache with -XX:ReservedCodeCacheSize=
#   JVM is running with Zero Based Compressed Oops mode in which the Java heap is
#     placed in the first 32GB address space. The Java Heap base address is the
#     maximum limit for the native heap growth. Please use -XX:HeapBaseMinAddress
#     to set the Java Heap base and to place the Java Heap above 32GB virtual address.
# This output file may be truncated or incomplete.
#
#  Out of Memory Error (arena.cpp:189), pid=3060, tid=9152
#
# JRE version: OpenJDK Runtime Environment Temurin-17.0.2+8 (17.0.2+8) (build 17.0.2+8)
# Java VM: OpenJDK 64-Bit Server VM Temurin-17.0.2+8 (17.0.2+8, mixed mode, tiered, compressed oops, compressed class ptrs, g1 gc, windows-amd64)
# No core dump will be written. Minidumps are not enabled by default on client versions of Windows
#

---------------  S U M M A R Y ------------

Command Line: -Dfile.encoding=UTF-8 -XX:+ShowCodeDetailsInExceptionMessages com.jmpc.app.loanpayment.LoanPaymentApplication

Host: AMD Ryzen 5 3600 6-Core Processor              , 12 cores, 15G,  Windows 11 , 64 bit Build 22000 (10.0.22000.675)
Time: Mon May 23 11:13:48 2022 Malay Peninsula Standard Time elapsed time: 7483.001451 seconds (0d 2h 4m 43s)

---------------  T H R E A D  ---------------

Current thread (0x000001df14880e90):  JavaThread "C2 CompilerThread0" daemon [_thread_in_native, id=9152, stack(0x000000d921e00000,0x000000d921f00000)]


Current CompileTask:
C2:7483001 10547       4       org.apache.catalina.core.ApplicationFilterFactory::createFilterChain (344 bytes)

Stack: [0x000000d921e00000,0x000000d921f00000]
Native frames: (J=compiled Java code, j=interpreted, Vv=VM code, C=native code)
V  [jvm.dll+0x67564a]
V  [jvm.dll+0x82fc04]
V  [jvm.dll+0x8313ae]
V  [jvm.dll+0x831a13]
V  [jvm.dll+0x245235]
V  [jvm.dll+0xabd7b]
V  [jvm.dll+0xac30c]
V  [jvm.dll+0x3631a2]
V  [jvm.dll+0x32d891]
V  [jvm.dll+0x32cd3a]
V  [jvm.dll+0x2180d1]
V  [jvm.dll+0x2174f1]
V  [jvm.dll+0x1a3a8d]
V  [jvm.dll+0x226ef8]
V  [jvm.dll+0x22503c]
V  [jvm.dll+0x7e596b]
V  [jvm.dll+0x7dff2a]
V  [jvm.dll+0x6744d5]
C  [ucrtbase.dll+0x26c0c]
C  [KERNEL32.DLL+0x154e0]
C  [ntdll.dll+0x485b]


---------------  P R O C E S S  ---------------

Threads class SMR info:
_java_thread_list=0x000001df1db61120, length=29, elements={
0x000001df14817370, 0x000001df14838cf0, 0x000001df1485b550, 0x000001df1485ce20,
0x000001df1486a5b0, 0x000001df1486ca20, 0x000001df14880e90, 0x000001df14881fb0,
0x000001df1488dc40, 0x000001df149f6480, 0x000001df14a05770, 0x000001df16962a30,
0x000001df17a31080, 0x000001df1802e1a0, 0x000001df195f1b10, 0x000001df1699d110,
0x000001df1a0ff600, 0x000001df1a1012e0, 0x000001df1a0fe2c0, 0x000001df1a0fd920,
0x000001df1a0ffad0, 0x000001df1a0fffa0, 0x000001df1a0fddf0, 0x000001df1a0fe790,
0x000001df1a100470, 0x000001df1a0fec60, 0x000001df1a0ff130, 0x000001df1a100e10,
0x000001df1a439080
}

Java Threads: ( => current thread )
  0x000001df14817370 JavaThread "Reference Handler" daemon [_thread_blocked, id=17412, stack(0x000000d921800000,0x000000d921900000)]
  0x000001df14838cf0 JavaThread "Finalizer" daemon [_thread_blocked, id=20156, stack(0x000000d921900000,0x000000d921a00000)]
  0x000001df1485b550 JavaThread "Signal Dispatcher" daemon [_thread_blocked, id=21280, stack(0x000000d921a00000,0x000000d921b00000)]
  0x000001df1485ce20 JavaThread "Attach Listener" daemon [_thread_blocked, id=19960, stack(0x000000d921b00000,0x000000d921c00000)]
  0x000001df1486a5b0 JavaThread "Service Thread" daemon [_thread_blocked, id=19488, stack(0x000000d921c00000,0x000000d921d00000)]
  0x000001df1486ca20 JavaThread "Monitor Deflation Thread" daemon [_thread_blocked, id=20812, stack(0x000000d921d00000,0x000000d921e00000)]
=>0x000001df14880e90 JavaThread "C2 CompilerThread0" daemon [_thread_in_native, id=9152, stack(0x000000d921e00000,0x000000d921f00000)]
  0x000001df14881fb0 JavaThread "C1 CompilerThread0" daemon [_thread_in_native, id=9184, stack(0x000000d921f00000,0x000000d922000000)]
  0x000001df1488dc40 JavaThread "Sweeper thread" daemon [_thread_blocked, id=8576, stack(0x000000d922000000,0x000000d922100000)]
  0x000001df149f6480 JavaThread "Notification Thread" daemon [_thread_blocked, id=4624, stack(0x000000d922100000,0x000000d922200000)]
  0x000001df14a05770 JavaThread "Common-Cleaner" daemon [_thread_blocked, id=14192, stack(0x000000d922300000,0x000000d922400000)]
  0x000001df16962a30 JavaThread "Catalina-utility-1" [_thread_blocked, id=21220, stack(0x000000d922b00000,0x000000d922c00000)]
  0x000001df17a31080 JavaThread "Catalina-utility-2" [_thread_blocked, id=1644, stack(0x000000d923200000,0x000000d923300000)]
  0x000001df1802e1a0 JavaThread "container-0" [_thread_blocked, id=13788, stack(0x000000d923300000,0x000000d923400000)]
  0x000001df195f1b10 JavaThread "mysql-cj-abandoned-connection-cleanup" daemon [_thread_blocked, id=20800, stack(0x000000d923400000,0x000000d923500000)]
  0x000001df1699d110 JavaThread "HikariPool-1 housekeeper" daemon [_thread_blocked, id=14224, stack(0x000000d923600000,0x000000d923700000)]
  0x000001df1a0ff600 JavaThread "http-nio-8080-exec-1" daemon [_thread_blocked, id=21044, stack(0x000000d923800000,0x000000d923900000)]
  0x000001df1a1012e0 JavaThread "http-nio-8080-exec-2" daemon [_thread_blocked, id=5456, stack(0x000000d923900000,0x000000d923a00000)]
  0x000001df1a0fe2c0 JavaThread "http-nio-8080-exec-3" daemon [_thread_blocked, id=20804, stack(0x000000d923a00000,0x000000d923b00000)]
  0x000001df1a0fd920 JavaThread "http-nio-8080-exec-4" daemon [_thread_blocked, id=13524, stack(0x000000d923b00000,0x000000d923c00000)]
  0x000001df1a0ffad0 JavaThread "http-nio-8080-exec-5" daemon [_thread_blocked, id=19560, stack(0x000000d923c00000,0x000000d923d00000)]
  0x000001df1a0fffa0 JavaThread "http-nio-8080-exec-6" daemon [_thread_blocked, id=20740, stack(0x000000d923d00000,0x000000d923e00000)]
  0x000001df1a0fddf0 JavaThread "http-nio-8080-exec-7" daemon [_thread_blocked, id=20212, stack(0x000000d923e00000,0x000000d923f00000)]
  0x000001df1a0fe790 JavaThread "http-nio-8080-exec-8" daemon [_thread_blocked, id=21192, stack(0x000000d923f00000,0x000000d924000000)]
  0x000001df1a100470 JavaThread "http-nio-8080-exec-9" daemon [_thread_blocked, id=18216, stack(0x000000d924000000,0x000000d924100000)]
  0x000001df1a0fec60 JavaThread "http-nio-8080-exec-10" daemon [_thread_blocked, id=8560, stack(0x000000d924100000,0x000000d924200000)]
  0x000001df1a0ff130 JavaThread "http-nio-8080-Poller" daemon [_thread_in_native, id=7992, stack(0x000000d924200000,0x000000d924300000)]
  0x000001df1a100e10 JavaThread "http-nio-8080-Acceptor" daemon [_thread_in_native, id=21184, stack(0x000000d924300000,0x000000d924400000)]
  0x000001df1a439080 JavaThread "DestroyJavaVM" [_thread_blocked, id=21436, stack(0x000000d921100000,0x000000d921200000)]

Other Threads:
  0x000001df13c6ea90 VMThread "VM Thread" [stack: 0x000000d921700000,0x000000d921800000] [id=19556]
  0x000001df149239e0 WatcherThread [stack: 0x000000d922200000,0x000000d922300000] [id=16852]
  0x000001df74c8fc70 GCTaskThread "GC Thread#0" [stack: 0x000000d921200000,0x000000d921300000] [id=9240]
  0x000001df15e3cc80 GCTaskThread "GC Thread#1" [stack: 0x000000d922500000,0x000000d922600000] [id=20968]
  0x000001df15e3cf30 GCTaskThread "GC Thread#2" [stack: 0x000000d922600000,0x000000d922700000] [id=16860]
  0x000001df15e3d5f0 GCTaskThread "GC Thread#3" [stack: 0x000000d922700000,0x000000d922800000] [id=20828]
  0x000001df15d40730 GCTaskThread "GC Thread#4" [stack: 0x000000d922800000,0x000000d922900000] [id=7264]
  0x000001df15d40bf0 GCTaskThread "GC Thread#5" [stack: 0x000000d922900000,0x000000d922a00000] [id=8256]
  0x000001df1534f6a0 GCTaskThread "GC Thread#6" [stack: 0x000000d922a00000,0x000000d922b00000] [id=7580]
  0x000001df15fed740 GCTaskThread "GC Thread#7" [stack: 0x000000d922d00000,0x000000d922e00000] [id=18612]
  0x000001df1646a4c0 GCTaskThread "GC Thread#8" [stack: 0x000000d922e00000,0x000000d922f00000] [id=10292]
  0x000001df15ff0270 GCTaskThread "GC Thread#9" [stack: 0x000000d922f00000,0x000000d923000000] [id=20280]
  0x000001df74ca1250 ConcurrentGCThread "G1 Main Marker" [stack: 0x000000d921300000,0x000000d921400000] [id=20136]
  0x000001df74ca1c60 ConcurrentGCThread "G1 Conc#0" [stack: 0x000000d921400000,0x000000d921500000] [id=18564]
  0x000001df15ef95e0 ConcurrentGCThread "G1 Conc#1" [stack: 0x000000d923000000,0x000000d923100000] [id=14528]
  0x000001df15ef9df0 ConcurrentGCThread "G1 Conc#2" [stack: 0x000000d923100000,0x000000d923200000] [id=2036]
  0x000001df74cfeab0 ConcurrentGCThread "G1 Refine#0" [stack: 0x000000d921500000,0x000000d921600000] [id=17316]
  0x000001df74cff4d0 ConcurrentGCThread "G1 Service" [stack: 0x000000d921600000,0x000000d921700000] [id=18640]

Threads with active compile tasks:
C2 CompilerThread0  7483027 10547       4       org.apache.catalina.core.ApplicationFilterFactory::createFilterChain (344 bytes)
C1 CompilerThread0  7483027 10554   !   3       org.apache.catalina.core.StandardWrapperValve::invoke (2665 bytes)

VM state: not at safepoint (normal execution)

VM Mutex/Monitor currently owned by a thread: None

Heap address: 0x0000000701000000, size: 4080 MB, Compressed Oops mode: Zero based, Oop shift amount: 3

CDS archive(s) not mapped
Compressed class space mapped at: 0x0000000800000000-0x0000000840000000, reserved size: 1073741824
Narrow klass base: 0x0000000800000000, Narrow klass shift: 0, Narrow klass range: 0x40000000

GC Precious Log:
 CPUs: 12 total, 12 available
 Memory: 16313M
 Large Page Support: Disabled
 NUMA Support: Disabled
 Compressed Oops: Enabled (Zero based)
 Heap Region Size: 2M
 Heap Min Capacity: 8M
 Heap Initial Capacity: 256M
 Heap Max Capacity: 4080M
 Pre-touch: Disabled
 Parallel Workers: 10
 Concurrent Workers: 3
 Concurrent Refinement Workers: 10
 Periodic GC: Disabled

Heap:
 garbage-first heap   total 161792K, used 57636K [0x0000000701000000, 0x0000000800000000)
  region size 2048K, 17 young (34816K), 1 survivors (2048K)
 Metaspace       used 72776K, committed 73216K, reserved 1114112K
  class space    used 8948K, committed 9152K, reserved 1048576K

Heap Regions: E=young(eden), S=young(survivor), O=old, HS=humongous(starts), HC=humongous(continues), CS=collection set, F=free, OA=open archive, CA=closed archive, TAMS=top-at-mark-start (previous, next)
|   0|0x0000000701000000, 0x0000000701200000, 0x0000000701200000|100%| O|  |TAMS 0x0000000701200000, 0x0000000701000000| Untracked 
|   1|0x0000000701200000, 0x0000000701400000, 0x0000000701400000|100%| O|  |TAMS 0x0000000701400000, 0x0000000701200000| Untracked 
|   2|0x0000000701400000, 0x0000000701600000, 0x0000000701600000|100%| O|  |TAMS 0x0000000701600000, 0x0000000701400000| Untracked 
|   3|0x0000000701600000, 0x0000000701800000, 0x0000000701800000|100%| O|  |TAMS 0x0000000701800000, 0x0000000701600000| Untracked 
|   4|0x0000000701800000, 0x0000000701a00000, 0x0000000701a00000|100%| O|  |TAMS 0x0000000701a00000, 0x0000000701800000| Untracked 
|   5|0x0000000701a00000, 0x0000000701c00000, 0x0000000701c00000|100%| O|  |TAMS 0x0000000701a00000, 0x0000000701a00000| Untracked 
|   6|0x0000000701c00000, 0x0000000701e00000, 0x0000000701e00000|100%| O|  |TAMS 0x0000000701e00000, 0x0000000701c00000| Untracked 
|   7|0x0000000701e00000, 0x0000000702000000, 0x0000000702000000|100%| O|  |TAMS 0x0000000702000000, 0x0000000701e00000| Untracked 
|   8|0x0000000702000000, 0x0000000702200000, 0x0000000702200000|100%| O|  |TAMS 0x0000000702200000, 0x0000000702000000| Untracked 
|   9|0x0000000702200000, 0x0000000702400000, 0x0000000702400000|100%| O|  |TAMS 0x0000000702293000, 0x0000000702200000| Untracked 
|  10|0x0000000702400000, 0x0000000702600000, 0x0000000702600000|100%| O|  |TAMS 0x0000000702400000, 0x0000000702400000| Untracked 
|  11|0x0000000702600000, 0x0000000702800000, 0x0000000702800000|100%| O|  |TAMS 0x0000000702600000, 0x0000000702600000| Untracked 
|  12|0x0000000702800000, 0x0000000702a00000, 0x0000000702a00000|100%| O|  |TAMS 0x0000000702800000, 0x0000000702800000| Untracked 
|  13|0x0000000702a00000, 0x0000000702a31a00, 0x0000000702c00000|  9%| O|  |TAMS 0x0000000702a00000, 0x0000000702a00000| Untracked 
|  14|0x0000000702c00000, 0x0000000702c00000, 0x0000000702e00000|  0%| F|  |TAMS 0x0000000702c00000, 0x0000000702c00000| Untracked 
|  15|0x0000000702e00000, 0x0000000702e00000, 0x0000000703000000|  0%| F|  |TAMS 0x0000000702e00000, 0x0000000702e00000| Untracked 
|  16|0x0000000703000000, 0x0000000703000000, 0x0000000703200000|  0%| F|  |TAMS 0x0000000703000000, 0x0000000703000000| Untracked 
|  17|0x0000000703200000, 0x0000000703200000, 0x0000000703400000|  0%| F|  |TAMS 0x0000000703200000, 0x0000000703200000| Untracked 
|  18|0x0000000703400000, 0x0000000703400000, 0x0000000703600000|  0%| F|  |TAMS 0x0000000703400000, 0x0000000703400000| Untracked 
|  19|0x0000000703600000, 0x0000000703600000, 0x0000000703800000|  0%| F|  |TAMS 0x0000000703600000, 0x0000000703600000| Untracked 
|  20|0x0000000703800000, 0x0000000703800000, 0x0000000703a00000|  0%| F|  |TAMS 0x0000000703800000, 0x0000000703800000| Untracked 
|  21|0x0000000703a00000, 0x0000000703a00000, 0x0000000703c00000|  0%| F|  |TAMS 0x0000000703a00000, 0x0000000703a00000| Untracked 
|  22|0x0000000703c00000, 0x0000000703c00000, 0x0000000703e00000|  0%| F|  |TAMS 0x0000000703c00000, 0x0000000703c00000| Untracked 
|  23|0x0000000703e00000, 0x0000000703e00000, 0x0000000704000000|  0%| F|  |TAMS 0x0000000703e00000, 0x0000000703e00000| Untracked 
|  24|0x0000000704000000, 0x0000000704000000, 0x0000000704200000|  0%| F|  |TAMS 0x0000000704000000, 0x0000000704000000| Untracked 
|  25|0x0000000704200000, 0x0000000704200000, 0x0000000704400000|  0%| F|  |TAMS 0x0000000704200000, 0x0000000704200000| Untracked 
|  26|0x0000000704400000, 0x0000000704400000, 0x0000000704600000|  0%| F|  |TAMS 0x0000000704400000, 0x0000000704400000| Untracked 
|  27|0x0000000704600000, 0x0000000704600000, 0x0000000704800000|  0%| F|  |TAMS 0x0000000704600000, 0x0000000704600000| Untracked 
|  28|0x0000000704800000, 0x0000000704800000, 0x0000000704a00000|  0%| F|  |TAMS 0x0000000704800000, 0x0000000704800000| Untracked 
|  29|0x0000000704a00000, 0x0000000704a00000, 0x0000000704c00000|  0%| F|  |TAMS 0x0000000704a00000, 0x0000000704a00000| Untracked 
|  30|0x0000000704c00000, 0x0000000704c00000, 0x0000000704e00000|  0%| F|  |TAMS 0x0000000704c00000, 0x0000000704c00000| Untracked 
|  31|0x0000000704e00000, 0x0000000704e00000, 0x0000000705000000|  0%| F|  |TAMS 0x0000000704e00000, 0x0000000704e00000| Untracked 
|  32|0x0000000705000000, 0x0000000705017988, 0x0000000705200000|  4%| S|CS|TAMS 0x0000000705000000, 0x0000000705000000| Complete 
|  33|0x0000000705200000, 0x0000000705200000, 0x0000000705400000|  0%| F|  |TAMS 0x0000000705200000, 0x0000000705200000| Untracked 
|  34|0x0000000705400000, 0x0000000705400000, 0x0000000705600000|  0%| F|  |TAMS 0x0000000705400000, 0x0000000705400000| Untracked 
|  35|0x0000000705600000, 0x0000000705600000, 0x0000000705800000|  0%| F|  |TAMS 0x0000000705600000, 0x0000000705600000| Untracked 
|  36|0x0000000705800000, 0x0000000705800000, 0x0000000705a00000|  0%| F|  |TAMS 0x0000000705800000, 0x0000000705800000| Untracked 
|  37|0x0000000705a00000, 0x0000000705a00000, 0x0000000705c00000|  0%| F|  |TAMS 0x0000000705a00000, 0x0000000705a00000| Untracked 
|  38|0x0000000705c00000, 0x0000000705c00000, 0x0000000705e00000|  0%| F|  |TAMS 0x0000000705c00000, 0x0000000705c00000| Untracked 
|  39|0x0000000705e00000, 0x0000000705e00000, 0x0000000706000000|  0%| F|  |TAMS 0x0000000705e00000, 0x0000000705e00000| Untracked 
|  40|0x0000000706000000, 0x0000000706000000, 0x0000000706200000|  0%| F|  |TAMS 0x0000000706000000, 0x0000000706000000| Untracked 
|  41|0x0000000706200000, 0x0000000706200000, 0x0000000706400000|  0%| F|  |TAMS 0x0000000706200000, 0x0000000706200000| Untracked 
|  42|0x0000000706400000, 0x0000000706400000, 0x0000000706600000|  0%| F|  |TAMS 0x0000000706400000, 0x0000000706400000| Untracked 
|  43|0x0000000706600000, 0x0000000706600000, 0x0000000706800000|  0%| F|  |TAMS 0x0000000706600000, 0x0000000706600000| Untracked 
|  44|0x0000000706800000, 0x0000000706800000, 0x0000000706a00000|  0%| F|  |TAMS 0x0000000706800000, 0x0000000706800000| Untracked 
|  45|0x0000000706a00000, 0x0000000706a00000, 0x0000000706c00000|  0%| F|  |TAMS 0x0000000706a00000, 0x0000000706a00000| Untracked 
|  46|0x0000000706c00000, 0x0000000706c00000, 0x0000000706e00000|  0%| F|  |TAMS 0x0000000706c00000, 0x0000000706c00000| Untracked 
|  47|0x0000000706e00000, 0x0000000706e00000, 0x0000000707000000|  0%| F|  |TAMS 0x0000000706e00000, 0x0000000706e00000| Untracked 
|  48|0x0000000707000000, 0x0000000707000000, 0x0000000707200000|  0%| F|  |TAMS 0x0000000707000000, 0x0000000707000000| Untracked 
|  49|0x0000000707200000, 0x0000000707200000, 0x0000000707400000|  0%| F|  |TAMS 0x0000000707200000, 0x0000000707200000| Untracked 
|  50|0x0000000707400000, 0x0000000707400000, 0x0000000707600000|  0%| F|  |TAMS 0x0000000707400000, 0x0000000707400000| Untracked 
|  51|0x0000000707600000, 0x0000000707600000, 0x0000000707800000|  0%| F|  |TAMS 0x0000000707600000, 0x0000000707600000| Untracked 
|  52|0x0000000707800000, 0x0000000707800000, 0x0000000707a00000|  0%| F|  |TAMS 0x0000000707800000, 0x0000000707800000| Untracked 
|  53|0x0000000707a00000, 0x0000000707a00000, 0x0000000707c00000|  0%| F|  |TAMS 0x0000000707a00000, 0x0000000707a00000| Untracked 
|  54|0x0000000707c00000, 0x0000000707c00000, 0x0000000707e00000|  0%| F|  |TAMS 0x0000000707c00000, 0x0000000707c00000| Untracked 
|  55|0x0000000707e00000, 0x0000000707e00000, 0x0000000708000000|  0%| F|  |TAMS 0x0000000707e00000, 0x0000000707e00000| Untracked 
|  56|0x0000000708000000, 0x0000000708000000, 0x0000000708200000|  0%| F|  |TAMS 0x0000000708000000, 0x0000000708000000| Untracked 
|  57|0x0000000708200000, 0x0000000708200000, 0x0000000708400000|  0%| F|  |TAMS 0x0000000708200000, 0x0000000708200000| Untracked 
|  58|0x0000000708400000, 0x0000000708400000, 0x0000000708600000|  0%| F|  |TAMS 0x0000000708400000, 0x0000000708400000| Untracked 
|  59|0x0000000708600000, 0x0000000708600000, 0x0000000708800000|  0%| F|  |TAMS 0x0000000708600000, 0x0000000708600000| Untracked 
|  60|0x0000000708800000, 0x0000000708800000, 0x0000000708a00000|  0%| F|  |TAMS 0x0000000708800000, 0x0000000708800000| Untracked 
|  61|0x0000000708a00000, 0x0000000708a00000, 0x0000000708c00000|  0%| F|  |TAMS 0x0000000708a00000, 0x0000000708a00000| Untracked 
|  62|0x0000000708c00000, 0x0000000708c00000, 0x0000000708e00000|  0%| F|  |TAMS 0x0000000708c00000, 0x0000000708c00000| Untracked 
|  63|0x0000000708e00000, 0x0000000708e2d5d0, 0x0000000709000000|  8%| E|  |TAMS 0x0000000708e00000, 0x0000000708e00000| Complete 
|  64|0x0000000709000000, 0x0000000709200000, 0x0000000709200000|100%| E|CS|TAMS 0x0000000709000000, 0x0000000709000000| Complete 
|  65|0x0000000709200000, 0x0000000709400000, 0x0000000709400000|100%| E|CS|TAMS 0x0000000709200000, 0x0000000709200000| Complete 
|  66|0x0000000709400000, 0x0000000709600000, 0x0000000709600000|100%| E|CS|TAMS 0x0000000709400000, 0x0000000709400000| Complete 
|  67|0x0000000709600000, 0x0000000709800000, 0x0000000709800000|100%| E|CS|TAMS 0x0000000709600000, 0x0000000709600000| Complete 
|  68|0x0000000709800000, 0x0000000709a00000, 0x0000000709a00000|100%| E|CS|TAMS 0x0000000709800000, 0x0000000709800000| Complete 
|  69|0x0000000709a00000, 0x0000000709c00000, 0x0000000709c00000|100%| E|CS|TAMS 0x0000000709a00000, 0x0000000709a00000| Complete 
|  70|0x0000000709c00000, 0x0000000709e00000, 0x0000000709e00000|100%| E|CS|TAMS 0x0000000709c00000, 0x0000000709c00000| Complete 
|  71|0x0000000709e00000, 0x000000070a000000, 0x000000070a000000|100%| E|CS|TAMS 0x0000000709e00000, 0x0000000709e00000| Complete 
|  72|0x000000070a000000, 0x000000070a200000, 0x000000070a200000|100%| E|CS|TAMS 0x000000070a000000, 0x000000070a000000| Complete 
|  73|0x000000070a200000, 0x000000070a400000, 0x000000070a400000|100%| E|CS|TAMS 0x000000070a200000, 0x000000070a200000| Complete 
|  74|0x000000070a400000, 0x000000070a600000, 0x000000070a600000|100%| E|CS|TAMS 0x000000070a400000, 0x000000070a400000| Complete 
|  75|0x000000070a600000, 0x000000070a800000, 0x000000070a800000|100%| E|CS|TAMS 0x000000070a600000, 0x000000070a600000| Complete 
|  76|0x000000070a800000, 0x000000070aa00000, 0x000000070aa00000|100%| E|CS|TAMS 0x000000070a800000, 0x000000070a800000| Complete 
|  77|0x000000070aa00000, 0x000000070ac00000, 0x000000070ac00000|100%| E|CS|TAMS 0x000000070aa00000, 0x000000070aa00000| Complete 
| 127|0x0000000710e00000, 0x0000000711000000, 0x0000000711000000|100%| E|CS|TAMS 0x0000000710e00000, 0x0000000710e00000| Complete 

Card table byte_map: [0x000001df79040000,0x000001df79840000] _byte_map_base: 0x000001df75838000

Marking Bits (Prev, Next): (CMBitMap*) 0x000001df74c902c0, (CMBitMap*) 0x000001df74c90280
 Prev Bits: [0x000001df0f000000, 0x000001df12fc0000)
 Next Bits: [0x000001df7a040000, 0x000001df7e000000)

Polling page: 0x000001df72c50000

Metaspace:

Usage:
  Non-class:     62.33 MB used.
      Class:      8.74 MB used.
       Both:     71.07 MB used.

Virtual space:
  Non-class space:       64.00 MB reserved,      62.56 MB ( 98%) committed,  8 nodes.
      Class space:        1.00 GB reserved,       8.94 MB ( <1%) committed,  1 nodes.
             Both:        1.06 GB reserved,      71.50 MB (  7%) committed. 

Chunk freelists:
   Non-Class:  1.42 MB
       Class:  3.11 MB
        Both:  4.53 MB

MaxMetaspaceSize: unlimited
CompressedClassSpaceSize: 1.00 GB
Initial GC threshold: 21.00 MB
Current GC threshold: 98.88 MB
CDS: off
MetaspaceReclaimPolicy: balanced
 - commit_granule_bytes: 65536.
 - commit_granule_words: 8192.
 - virtual_space_node_default_size: 1048576.
 - enlarge_chunks_in_place: 1.
 - new_chunks_are_fully_committed: 0.
 - uncommit_free_chunks: 1.
 - use_allocation_guard: 0.
 - handle_deallocations: 1.


Internal statistics:

num_allocs_failed_limit: 11.
num_arena_births: 500.
num_arena_deaths: 0.
num_vsnodes_births: 9.
num_vsnodes_deaths: 0.
num_space_committed: 1144.
num_space_uncommitted: 0.
num_chunks_returned_to_freelist: 11.
num_chunks_taken_from_freelist: 2733.
num_chunk_merges: 11.
num_chunk_splits: 1924.
num_chunks_enlarged: 1511.
num_purges: 0.
num_inconsistent_stats: 0.

CodeHeap 'non-profiled nmethods': size=120000Kb used=9387Kb max_used=9387Kb free=110612Kb
 bounds [0x000001df07ad0000, 0x000001df08400000, 0x000001df0f000000]
CodeHeap 'profiled nmethods': size=120000Kb used=14810Kb max_used=19661Kb free=105189Kb
 bounds [0x000001df005a0000, 0x000001df018e0000, 0x000001df07ad0000]
CodeHeap 'non-nmethods': size=5760Kb used=1339Kb max_used=1424Kb free=4420Kb
 bounds [0x000001df00000000, 0x000001df00270000, 0x000001df005a0000]
 total_blobs=8970 nmethods=8309 adapters=572
 compilation: enabled
              stopped_count=0, restarted_count=0
 full_count=0

Compilation events (20 events):
Event: 7482.199 Thread 0x000001df14880e90 10542       4       java.lang.Throwable::<init> (50 bytes)
Event: 7482.200 Thread 0x000001df19c8e920 nmethod 10541 0x000001df083f8b10 code [0x000001df083f8ca0, 0x000001df083f9308]
Event: 7482.203 Thread 0x000001df14880e90 nmethod 10542 0x000001df083f9490 code [0x000001df083f9640, 0x000001df083f9cc8]
Event: 7482.607 Thread 0x000001df14880e90 10543       4       java.lang.Throwable::toString (45 bytes)
Event: 7482.612 Thread 0x000001df14880e90 nmethod 10543 0x000001df083f9e10 code [0x000001df083f9fc0, 0x000001df083fa7d8]
Event: 7482.938 Thread 0x000001df14881fb0 10544   !   3       org.apache.coyote.AbstractProcessor::parseHost (389 bytes)
Event: 7482.940 Thread 0x000001df14881fb0 nmethod 10544 0x000001df0133ee90 code [0x000001df0133f340, 0x000001df01341818]
Event: 7482.940 Thread 0x000001df14881fb0 10545       3       org.apache.tomcat.util.http.parser.Host::parse (12 bytes)
Event: 7482.941 Thread 0x000001df14881fb0 nmethod 10545 0x000001df007ab190 code [0x000001df007ab360, 0x000001df007ab8a8]
Event: 7482.952 Thread 0x000001df14880e90 10546       4       org.apache.coyote.AbstractProcessor::isAsync (8 bytes)
Event: 7482.953 Thread 0x000001df14880e90 nmethod 10546 0x000001df083faa10 code [0x000001df083fab80, 0x000001df083fac18]
Event: 7482.969 Thread 0x000001df14880e90 10547       4       org.apache.catalina.core.ApplicationFilterFactory::createFilterChain (344 bytes)
Event: 7482.969 Thread 0x000001df14881fb0 10549       2       org.springframework.http.converter.json.AbstractJackson2HttpMessageConverter::writeSuffix (1 bytes)
Event: 7482.970 Thread 0x000001df14881fb0 nmethod 10549 0x000001df0091da90 code [0x000001df0091dc20, 0x000001df0091dd18]
Event: 7482.972 Thread 0x000001df14881fb0 10550       2       org.springframework.http.converter.json.MappingJackson2HttpMessageConverter::writePrefix (16 bytes)
Event: 7482.972 Thread 0x000001df14881fb0 nmethod 10550 0x000001df005cb690 code [0x000001df005cb820, 0x000001df005cb968]
Event: 7482.975 Thread 0x000001df14881fb0 10551   !   3       org.springframework.http.converter.json.AbstractJackson2HttpMessageConverter::writeInternal (481 bytes)
Event: 7482.979 Thread 0x000001df14881fb0 nmethod 10551 0x000001df015c9f90 code [0x000001df015ca7a0, 0x000001df015ced78]
Event: 7482.993 Thread 0x000001df14881fb0 10553       3       org.apache.tomcat.util.net.NioEndpoint::setSocketOptions (9 bytes)
Event: 7482.993 Thread 0x000001df14881fb0 nmethod 10553 0x000001df006bdd10 code [0x000001df006bdec0, 0x000001df006be108]

GC Heap History (20 events):
Event: 7471.895 GC heap before
{Heap before GC invocations=39 (full 0):
 garbage-first heap   total 161792K, used 119039K [0x0000000701000000, 0x0000000800000000)
  region size 2048K, 47 young (96256K), 1 survivors (2048K)
 Metaspace       used 72763K, committed 73152K, reserved 1114112K
  class space    used 8945K, committed 9152K, reserved 1048576K
}
Event: 7471.896 GC heap after
{Heap after GC invocations=40 (full 0):
 garbage-first heap   total 161792K, used 26831K [0x0000000701000000, 0x0000000800000000)
  region size 2048K, 1 young (2048K), 1 survivors (2048K)
 Metaspace       used 72763K, committed 73152K, reserved 1114112K
  class space    used 8945K, committed 9152K, reserved 1048576K
}
Event: 7472.847 GC heap before
{Heap before GC invocations=40 (full 0):
 garbage-first heap   total 161792K, used 121039K [0x0000000701000000, 0x0000000800000000)
  region size 2048K, 47 young (96256K), 1 survivors (2048K)
 Metaspace       used 72764K, committed 73152K, reserved 1114112K
  class space    used 8946K, committed 9152K, reserved 1048576K
}
Event: 7472.848 GC heap after
{Heap after GC invocations=41 (full 0):
 garbage-first heap   total 161792K, used 26873K [0x0000000701000000, 0x0000000800000000)
  region size 2048K, 1 young (2048K), 1 survivors (2048K)
 Metaspace       used 72764K, committed 73152K, reserved 1114112K
  class space    used 8946K, committed 9152K, reserved 1048576K
}
Event: 7473.856 GC heap before
{Heap before GC invocations=41 (full 0):
 garbage-first heap   total 161792K, used 121081K [0x0000000701000000, 0x0000000800000000)
  region size 2048K, 47 young (96256K), 1 survivors (2048K)
 Metaspace       used 72764K, committed 73152K, reserved 1114112K
  class space    used 8946K, committed 9152K, reserved 1048576K
}
Event: 7473.857 GC heap after
{Heap after GC invocations=42 (full 0):
 garbage-first heap   total 161792K, used 26856K [0x0000000701000000, 0x0000000800000000)
  region size 2048K, 1 young (2048K), 1 survivors (2048K)
 Metaspace       used 72764K, committed 73152K, reserved 1114112K
  class space    used 8946K, committed 9152K, reserved 1048576K
}
Event: 7474.766 GC heap before
{Heap before GC invocations=42 (full 0):
 garbage-first heap   total 161792K, used 121064K [0x0000000701000000, 0x0000000800000000)
  region size 2048K, 47 young (96256K), 1 survivors (2048K)
 Metaspace       used 72764K, committed 73152K, reserved 1114112K
  class space    used 8946K, committed 9152K, reserved 1048576K
}
Event: 7474.766 GC heap after
{Heap after GC invocations=43 (full 0):
 garbage-first heap   total 161792K, used 26896K [0x0000000701000000, 0x0000000800000000)
  region size 2048K, 1 young (2048K), 1 survivors (2048K)
 Metaspace       used 72764K, committed 73152K, reserved 1114112K
  class space    used 8946K, committed 9152K, reserved 1048576K
}
Event: 7475.711 GC heap before
{Heap before GC invocations=43 (full 0):
 garbage-first heap   total 161792K, used 121104K [0x0000000701000000, 0x0000000800000000)
  region size 2048K, 47 young (96256K), 1 survivors (2048K)
 Metaspace       used 72764K, committed 73152K, reserved 1114112K
  class space    used 8946K, committed 9152K, reserved 1048576K
}
Event: 7475.711 GC heap after
{Heap after GC invocations=44 (full 0):
 garbage-first heap   total 161792K, used 26921K [0x0000000701000000, 0x0000000800000000)
  region size 2048K, 1 young (2048K), 1 survivors (2048K)
 Metaspace       used 72764K, committed 73152K, reserved 1114112K
  class space    used 8946K, committed 9152K, reserved 1048576K
}
Event: 7477.066 GC heap before
{Heap before GC invocations=44 (full 0):
 garbage-first heap   total 161792K, used 121129K [0x0000000701000000, 0x0000000800000000)
  region size 2048K, 47 young (96256K), 1 survivors (2048K)
 Metaspace       used 72765K, committed 73152K, reserved 1114112K
  class space    used 8947K, committed 9152K, reserved 1048576K
}
Event: 7477.066 GC heap after
{Heap after GC invocations=45 (full 0):
 garbage-first heap   total 161792K, used 26896K [0x0000000701000000, 0x0000000800000000)
  region size 2048K, 1 young (2048K), 1 survivors (2048K)
 Metaspace       used 72765K, committed 73152K, reserved 1114112K
  class space    used 8947K, committed 9152K, reserved 1048576K
}
Event: 7479.058 GC heap before
{Heap before GC invocations=45 (full 0):
 garbage-first heap   total 161792K, used 121104K [0x0000000701000000, 0x0000000800000000)
  region size 2048K, 47 young (96256K), 1 survivors (2048K)
 Metaspace       used 72772K, committed 73152K, reserved 1114112K
  class space    used 8947K, committed 9152K, reserved 1048576K
}
Event: 7479.058 GC heap after
{Heap after GC invocations=46 (full 0):
 garbage-first heap   total 161792K, used 26895K [0x0000000701000000, 0x0000000800000000)
  region size 2048K, 1 young (2048K), 1 survivors (2048K)
 Metaspace       used 72772K, committed 73152K, reserved 1114112K
  class space    used 8947K, committed 9152K, reserved 1048576K
}
Event: 7481.056 GC heap before
{Heap before GC invocations=46 (full 0):
 garbage-first heap   total 161792K, used 119055K [0x0000000701000000, 0x0000000800000000)
  region size 2048K, 47 young (96256K), 1 survivors (2048K)
 Metaspace       used 72773K, committed 73152K, reserved 1114112K
  class space    used 8948K, committed 9152K, reserved 1048576K
}
Event: 7481.057 GC heap after
{Heap after GC invocations=47 (full 0):
 garbage-first heap   total 161792K, used 26905K [0x0000000701000000, 0x0000000800000000)
  region size 2048K, 1 young (2048K), 1 survivors (2048K)
 Metaspace       used 72773K, committed 73152K, reserved 1114112K
  class space    used 8948K, committed 9152K, reserved 1048576K
}
Event: 7482.153 GC heap before
{Heap before GC invocations=47 (full 0):
 garbage-first heap   total 161792K, used 119065K [0x0000000701000000, 0x0000000800000000)
  region size 2048K, 47 young (96256K), 1 survivors (2048K)
 Metaspace       used 72776K, committed 73216K, reserved 1114112K
  class space    used 8948K, committed 9152K, reserved 1048576K
}
Event: 7482.153 GC heap after
{Heap after GC invocations=48 (full 0):
 garbage-first heap   total 161792K, used 26905K [0x0000000701000000, 0x0000000800000000)
  region size 2048K, 1 young (2048K), 1 survivors (2048K)
 Metaspace       used 72776K, committed 73216K, reserved 1114112K
  class space    used 8948K, committed 9152K, reserved 1048576K
}
Event: 7482.774 GC heap before
{Heap before GC invocations=48 (full 0):
 garbage-first heap   total 161792K, used 119065K [0x0000000701000000, 0x0000000800000000)
  region size 2048K, 47 young (96256K), 1 survivors (2048K)
 Metaspace       used 72776K, committed 73216K, reserved 1114112K
  class space    used 8948K, committed 9152K, reserved 1048576K
}
Event: 7482.775 GC heap after
{Heap after GC invocations=49 (full 0):
 garbage-first heap   total 161792K, used 26916K [0x0000000701000000, 0x0000000800000000)
  region size 2048K, 1 young (2048K), 1 survivors (2048K)
 Metaspace       used 72776K, committed 73216K, reserved 1114112K
  class space    used 8948K, committed 9152K, reserved 1048576K
}

Deoptimization events (20 events):
Event: 7482.924 Thread 0x000001df1a0fe2c0 Uncommon trap: trap_request=0xffffff45 fr.pc=0x000001df0835d618 relative=0x00000000000003d8
Event: 7482.924 Thread 0x000001df1a0fe2c0 Uncommon trap: reason=unstable_if action=reinterpret pc=0x000001df0835d618 method=org.apache.tomcat.util.buf.CharChunk.allocate(II)V @ 4 c2
Event: 7482.924 Thread 0x000001df1a0fe2c0 DEOPT PACKING pc=0x000001df0835d618 sp=0x000000d923aff0a0
Event: 7482.924 Thread 0x000001df1a0fe2c0 DEOPT UNPACKING pc=0x000001df000523a3 sp=0x000000d923afefe0 mode 2
Event: 7482.924 Thread 0x000001df1a0fe2c0 Uncommon trap: trap_request=0xffffff45 fr.pc=0x000001df083d4100 relative=0x0000000000000720
Event: 7482.924 Thread 0x000001df1a0fe2c0 Uncommon trap: reason=unstable_if action=reinterpret pc=0x000001df083d4100 method=org.apache.tomcat.util.buf.B2CConverter.convert(Lorg/apache/tomcat/util/buf/ByteChunk;Lorg/apache/tomcat/util/buf/CharChunk;Z)V @ 4 c2
Event: 7482.924 Thread 0x000001df1a0fe2c0 DEOPT PACKING pc=0x000001df083d4100 sp=0x000000d923aff000
Event: 7482.924 Thread 0x000001df1a0fe2c0 DEOPT UNPACKING pc=0x000001df000523a3 sp=0x000000d923afefc0 mode 2
Event: 7482.924 Thread 0x000001df1a0fe2c0 Uncommon trap: trap_request=0xfffffff4 fr.pc=0x000001df07e038f0 relative=0x00000000000023d0
Event: 7482.924 Thread 0x000001df1a0fe2c0 Uncommon trap: reason=null_check action=make_not_entrant pc=0x000001df07e038f0 method=org.apache.catalina.core.ApplicationFilterFactory.createFilterChain(Ljavax/servlet/ServletRequest;Lorg/apache/catalina/Wrapper;Ljavax/servlet/Servlet;)Lorg/apache/catali
Event: 7482.924 Thread 0x000001df1a0fe2c0 DEOPT PACKING pc=0x000001df07e038f0 sp=0x000000d923afed70
Event: 7482.924 Thread 0x000001df1a0fe2c0 DEOPT UNPACKING pc=0x000001df000523a3 sp=0x000000d923afed48 mode 2
Event: 7482.924 Thread 0x000001df1a0fe2c0 Uncommon trap: trap_request=0xffffff45 fr.pc=0x000001df083d5ec8 relative=0x0000000000000808
Event: 7482.924 Thread 0x000001df1a0fe2c0 Uncommon trap: reason=unstable_if action=reinterpret pc=0x000001df083d5ec8 method=org.apache.catalina.connector.Response.getResponse()Ljavax/servlet/http/HttpServletResponse; @ 4 c2
Event: 7482.924 Thread 0x000001df1a0fe2c0 DEOPT PACKING pc=0x000001df083d5ec8 sp=0x000000d923afee50
Event: 7482.924 Thread 0x000001df1a0fe2c0 DEOPT UNPACKING pc=0x000001df000523a3 sp=0x000000d923afed88 mode 2
Event: 7482.927 Thread 0x000001df1a0fe2c0 Uncommon trap: trap_request=0xffffff45 fr.pc=0x000001df08351108 relative=0x0000000000003a08
Event: 7482.927 Thread 0x000001df1a0fe2c0 Uncommon trap: reason=unstable_if action=reinterpret pc=0x000001df08351108 method=org.apache.catalina.connector.Response.getOutputStream()Ljavax/servlet/ServletOutputStream; @ 32 c2
Event: 7482.927 Thread 0x000001df1a0fe2c0 DEOPT PACKING pc=0x000001df08351108 sp=0x000000d923afe1d0
Event: 7482.927 Thread 0x000001df1a0fe2c0 DEOPT UNPACKING pc=0x000001df000523a3 sp=0x000000d923afe060 mode 2

Classes unloaded (0 events):
No events

Classes redefined (0 events):
No events

Internal exceptions (20 events):
Event: 7476.106 Thread 0x000001df1a0fe790 Implicit null exception at 0x000001df0159219c to 0x000001df015928d4
Event: 7476.106 Thread 0x000001df1a0ffad0 Implicit null exception at 0x000001df0159219c to 0x000001df015928d4
Event: 7476.106 Thread 0x000001df1a0fd920 Implicit null exception at 0x000001df0159219c to 0x000001df015928d4
Event: 7476.106 Thread 0x000001df1a0fe2c0 Implicit null exception at 0x000001df0159219c to 0x000001df015928d4
Event: 7476.106 Thread 0x000001df1a0fec60 Implicit null exception at 0x000001df0159219c to 0x000001df015928d4
Event: 7476.106 Thread 0x000001df1a0fe790 Exception <a 'java/lang/NullPointerException'{0x0000000708d763f8}> (0x0000000708d763f8) 
thrown [e:\jenkins\tmp\workspace\build\src\src\hotspot\share\runtime\sharedRuntime.cpp, line 628]
Event: 7476.106 Thread 0x000001df1a0fec60 Exception <a 'java/lang/NullPointerException'{0x0000000708d38918}> (0x0000000708d38918) 
thrown [e:\jenkins\tmp\workspace\build\src\src\hotspot\share\runtime\sharedRuntime.cpp, line 628]
Event: 7476.106 Thread 0x000001df1a0fe2c0 Exception <a 'java/lang/NullPointerException'{0x0000000708a10be0}> (0x0000000708a10be0) 
thrown [e:\jenkins\tmp\workspace\build\src\src\hotspot\share\runtime\sharedRuntime.cpp, line 628]
Event: 7476.106 Thread 0x000001df1a0fd920 Exception <a 'java/lang/NullPointerException'{0x0000000708d9f6b8}> (0x0000000708d9f6b8) 
thrown [e:\jenkins\tmp\workspace\build\src\src\hotspot\share\runtime\sharedRuntime.cpp, line 628]
Event: 7476.106 Thread 0x000001df1a0ffad0 Exception <a 'java/lang/NullPointerException'{0x0000000708d24708}> (0x0000000708d24708) 
thrown [e:\jenkins\tmp\workspace\build\src\src\hotspot\share\runtime\sharedRuntime.cpp, line 628]
Event: 7476.110 Thread 0x000001df1a0fddf0 Implicit null exception at 0x000001df08158728 to 0x000001df08158c21
Event: 7476.110 Thread 0x000001df1a0fddf0 Implicit null exception at 0x000001df08283d73 to 0x000001df082883a4
Event: 7476.113 Thread 0x000001df1a100470 Implicit null exception at 0x000001df07afb8f2 to 0x000001df07afbecc
Event: 7476.116 Thread 0x000001df1a0ff600 Implicit null exception at 0x000001df07b95072 to 0x000001df07b957b4
Event: 7482.924 Thread 0x000001df1a0fe2c0 Implicit null exception at 0x000001df083ea39a to 0x000001df083ec5d4
Event: 7482.924 Thread 0x000001df1a0fe2c0 Implicit null exception at 0x000001df083368b7 to 0x000001df08338c7c
Event: 7482.924 Thread 0x000001df1a0fe2c0 Implicit null exception at 0x000001df08361c44 to 0x000001df08364cfc
Event: 7482.924 Thread 0x000001df1a0fe2c0 Implicit null exception at 0x000001df0835d295 to 0x000001df0835d5dc
Event: 7482.924 Thread 0x000001df1a0fe2c0 Implicit null exception at 0x000001df083d3a14 to 0x000001df083d40e0
Event: 7482.924 Thread 0x000001df1a0fe2c0 Implicit null exception at 0x000001df07e01567 to 0x000001df07e038dc

VM Operations (20 events):
Event: 7476.879 Executing VM operation: HandshakeAllThreads
Event: 7476.879 Executing VM operation: HandshakeAllThreads done
Event: 7477.066 Executing VM operation: G1CollectForAllocation
Event: 7477.066 Executing VM operation: G1CollectForAllocation done
Event: 7478.076 Executing VM operation: Cleanup
Event: 7478.076 Executing VM operation: Cleanup done
Event: 7479.058 Executing VM operation: G1CollectForAllocation
Event: 7479.058 Executing VM operation: G1CollectForAllocation done
Event: 7480.069 Executing VM operation: Cleanup
Event: 7480.069 Executing VM operation: Cleanup done
Event: 7481.056 Executing VM operation: G1CollectForAllocation
Event: 7481.057 Executing VM operation: G1CollectForAllocation done
Event: 7482.063 Executing VM operation: Cleanup
Event: 7482.063 Executing VM operation: Cleanup done
Event: 7482.153 Executing VM operation: G1CollectForAllocation
Event: 7482.153 Executing VM operation: G1CollectForAllocation done
Event: 7482.774 Executing VM operation: G1CollectForAllocation
Event: 7482.775 Executing VM operation: G1CollectForAllocation done
Event: 7482.923 Executing VM operation: HandshakeAllThreads
Event: 7482.923 Executing VM operation: HandshakeAllThreads done

Events (20 events):
Event: 7477.882 Thread 0x000001df19c925e0 Thread exited: 0x000001df19c925e0
Event: 7482.142 Thread 0x000001df19c8e920 Thread added: 0x000001df19c8e920
Event: 7482.607 Thread 0x000001df19c8e920 Thread exited: 0x000001df19c8e920
Event: 7482.927 Thread 0x000001df1488dc40 flushing nmethod 0x000001df007e9f10
Event: 7482.928 Thread 0x000001df1488dc40 flushing nmethod 0x000001df009b3b10
Event: 7482.928 Thread 0x000001df1488dc40 flushing nmethod 0x000001df009b8910
Event: 7482.932 Thread 0x000001df1488dc40 flushing nmethod 0x000001df013fb590
Event: 7482.933 Thread 0x000001df1488dc40 flushing nmethod 0x000001df014f1810
Event: 7482.933 Thread 0x000001df1488dc40 flushing nmethod 0x000001df014f3610
Event: 7482.933 Thread 0x000001df1488dc40 flushing nmethod 0x000001df01516810
Event: 7482.933 Thread 0x000001df1488dc40 flushing nmethod 0x000001df0154c290
Event: 7482.933 Thread 0x000001df1488dc40 flushing nmethod 0x000001df0159bb90
Event: 7482.933 Thread 0x000001df1488dc40 flushing nmethod 0x000001df015bed10
Event: 7482.933 Thread 0x000001df1488dc40 flushing nmethod 0x000001df015e7190
Event: 7482.933 Thread 0x000001df1488dc40 flushing nmethod 0x000001df01607b90
Event: 7482.933 Thread 0x000001df1488dc40 flushing nmethod 0x000001df01614b90
Event: 7482.933 Thread 0x000001df1488dc40 flushing nmethod 0x000001df01617f10
Event: 7482.933 Thread 0x000001df1488dc40 flushing nmethod 0x000001df01629a10
Event: 7482.933 Thread 0x000001df1488dc40 flushing nmethod 0x000001df0163b210
Event: 7482.933 Thread 0x000001df1488dc40 flushing nmethod 0x000001df0163f490


Dynamic libraries:
0x00007ff6e9d20000 - 0x00007ff6e9d2e000 	C:\Users\MyComputer\Downloads\eclipse\plugins\org.eclipse.justj.openjdk.hotspot.jre.full.win32.x86_64_17.0.2.v20220201-1208\jre\bin\javaw.exe
0x00007ff883060000 - 0x00007ff883269000 	C:\WINDOWS\SYSTEM32\ntdll.dll
0x00007ff8825c0000 - 0x00007ff88267d000 	C:\WINDOWS\System32\KERNEL32.DLL
0x00007ff880800000 - 0x00007ff880b79000 	C:\WINDOWS\System32\KERNELBASE.dll
0x00007ff8806e0000 - 0x00007ff8807f1000 	C:\WINDOWS\System32\ucrtbase.dll
0x00007ff87c090000 - 0x00007ff87c0a8000 	C:\Users\MyComputer\Downloads\eclipse\plugins\org.eclipse.justj.openjdk.hotspot.jre.full.win32.x86_64_17.0.2.v20220201-1208\jre\bin\jli.dll
0x00007ff855050000 - 0x00007ff855069000 	C:\Users\MyComputer\Downloads\eclipse\plugins\org.eclipse.justj.openjdk.hotspot.jre.full.win32.x86_64_17.0.2.v20220201-1208\jre\bin\VCRUNTIME140.dll
0x00007ff8815e0000 - 0x00007ff88178c000 	C:\WINDOWS\System32\USER32.dll
0x00007ff880ed0000 - 0x00007ff880ef6000 	C:\WINDOWS\System32\win32u.dll
0x00007ff8631a0000 - 0x00007ff863445000 	C:\WINDOWS\WinSxS\amd64_microsoft.windows.common-controls_6595b64144ccf1df_6.0.22000.120_none_9d947278b86cc467\COMCTL32.dll
0x00007ff8828f0000 - 0x00007ff882919000 	C:\WINDOWS\System32\GDI32.dll
0x00007ff882eb0000 - 0x00007ff882f53000 	C:\WINDOWS\System32\msvcrt.dll
0x00007ff880c40000 - 0x00007ff880d52000 	C:\WINDOWS\System32\gdi32full.dll
0x00007ff880640000 - 0x00007ff8806dd000 	C:\WINDOWS\System32\msvcp_win.dll
0x00007ff882920000 - 0x00007ff882951000 	C:\WINDOWS\System32\IMM32.DLL
0x00007ff87c080000 - 0x00007ff87c08c000 	C:\Users\MyComputer\Downloads\eclipse\plugins\org.eclipse.justj.openjdk.hotspot.jre.full.win32.x86_64_17.0.2.v20220201-1208\jre\bin\vcruntime140_1.dll
0x00007ff854fb0000 - 0x00007ff855041000 	C:\Users\MyComputer\Downloads\eclipse\plugins\org.eclipse.justj.openjdk.hotspot.jre.full.win32.x86_64_17.0.2.v20220201-1208\jre\bin\msvcp140.dll
0x00007fffcc9f0000 - 0x00007fffcd637000 	C:\Users\MyComputer\Downloads\eclipse\plugins\org.eclipse.justj.openjdk.hotspot.jre.full.win32.x86_64_17.0.2.v20220201-1208\jre\bin\server\jvm.dll
0x00007ff8810c0000 - 0x00007ff88116e000 	C:\WINDOWS\System32\ADVAPI32.dll
0x00007ff882960000 - 0x00007ff8829fe000 	C:\WINDOWS\System32\sechost.dll
0x00007ff8824a0000 - 0x00007ff8825c0000 	C:\WINDOWS\System32\RPCRT4.dll
0x00007ff880f90000 - 0x00007ff880f98000 	C:\WINDOWS\System32\PSAPI.DLL
0x00007ff857b50000 - 0x00007ff857b59000 	C:\WINDOWS\SYSTEM32\WSOCK32.dll
0x00007ff87b0c0000 - 0x00007ff87b0f3000 	C:\WINDOWS\SYSTEM32\WINMM.dll
0x00007ff879f40000 - 0x00007ff879f4a000 	C:\WINDOWS\SYSTEM32\VERSION.dll
0x00007ff882a60000 - 0x00007ff882acf000 	C:\WINDOWS\System32\WS2_32.dll
0x00007ff87f650000 - 0x00007ff87f668000 	C:\WINDOWS\SYSTEM32\kernel.appcore.dll
0x00007ff87b5c0000 - 0x00007ff87b5ca000 	C:\Users\MyComputer\Downloads\eclipse\plugins\org.eclipse.justj.openjdk.hotspot.jre.full.win32.x86_64_17.0.2.v20220201-1208\jre\bin\jimage.dll
0x00007ff8702e0000 - 0x00007ff870501000 	C:\WINDOWS\SYSTEM32\DBGHELP.DLL
0x00007ff8653e0000 - 0x00007ff865411000 	C:\WINDOWS\SYSTEM32\dbgcore.DLL
0x00007ff880550000 - 0x00007ff8805cf000 	C:\WINDOWS\System32\bcryptPrimitives.dll
0x00007ff854f80000 - 0x00007ff854fa5000 	C:\Users\MyComputer\Downloads\eclipse\plugins\org.eclipse.justj.openjdk.hotspot.jre.full.win32.x86_64_17.0.2.v20220201-1208\jre\bin\java.dll
0x00007ff82e760000 - 0x00007ff82e778000 	C:\Users\MyComputer\Downloads\eclipse\plugins\org.eclipse.justj.openjdk.hotspot.jre.full.win32.x86_64_17.0.2.v20220201-1208\jre\bin\zip.dll
0x00007ff881be0000 - 0x00007ff88238f000 	C:\WINDOWS\System32\SHELL32.dll
0x00007ff87e6c0000 - 0x00007ff87ef28000 	C:\WINDOWS\SYSTEM32\windows.storage.dll
0x00007ff882b30000 - 0x00007ff882ea8000 	C:\WINDOWS\System32\combase.dll
0x00007ff87e550000 - 0x00007ff87e6b6000 	C:\WINDOWS\SYSTEM32\wintypes.dll
0x00007ff882390000 - 0x00007ff88247a000 	C:\WINDOWS\System32\SHCORE.dll
0x00007ff882ad0000 - 0x00007ff882b2d000 	C:\WINDOWS\System32\shlwapi.dll
0x00007ff880480000 - 0x00007ff8804a1000 	C:\WINDOWS\SYSTEM32\profapi.dll
0x00007ff82b960000 - 0x00007ff82b979000 	C:\Users\MyComputer\Downloads\eclipse\plugins\org.eclipse.justj.openjdk.hotspot.jre.full.win32.x86_64_17.0.2.v20220201-1208\jre\bin\net.dll
0x00007ff87ac00000 - 0x00007ff87ad0c000 	C:\WINDOWS\SYSTEM32\WINHTTP.dll
0x00007ff87faf0000 - 0x00007ff87fb57000 	C:\WINDOWS\system32\mswsock.dll
0x00007ff8194f0000 - 0x00007ff819505000 	C:\Users\MyComputer\Downloads\eclipse\plugins\org.eclipse.justj.openjdk.hotspot.jre.full.win32.x86_64_17.0.2.v20220201-1208\jre\bin\nio.dll
0x00007ff855640000 - 0x00007ff855650000 	C:\Users\MyComputer\Downloads\eclipse\plugins\org.eclipse.justj.openjdk.hotspot.jre.full.win32.x86_64_17.0.2.v20220201-1208\jre\bin\verify.dll
0x00007ff8543e0000 - 0x00007ff8543e9000 	C:\Users\MyComputer\Downloads\eclipse\plugins\org.eclipse.justj.openjdk.hotspot.jre.full.win32.x86_64_17.0.2.v20220201-1208\jre\bin\management.dll
0x00007ff850570000 - 0x00007ff85057b000 	C:\Users\MyComputer\Downloads\eclipse\plugins\org.eclipse.justj.openjdk.hotspot.jre.full.win32.x86_64_17.0.2.v20220201-1208\jre\bin\management_ext.dll
0x00007ff872040000 - 0x00007ff872057000 	C:\WINDOWS\system32\napinsp.dll
0x00007ff862780000 - 0x00007ff86279b000 	C:\WINDOWS\system32\pnrpnsp.dll
0x00007ff87f1b0000 - 0x00007ff87f298000 	C:\WINDOWS\SYSTEM32\DNSAPI.dll
0x00007ff87f180000 - 0x00007ff87f1ad000 	C:\WINDOWS\SYSTEM32\IPHLPAPI.DLL
0x00007ff881bd0000 - 0x00007ff881bd9000 	C:\WINDOWS\System32\NSI.dll
0x00007ff85dcd0000 - 0x00007ff85dce2000 	C:\WINDOWS\System32\winrnr.dll
0x00007ff85dec0000 - 0x00007ff85ded5000 	C:\WINDOWS\system32\wshbth.dll
0x00007ff85de60000 - 0x00007ff85de7f000 	C:\WINDOWS\system32\nlansp_c.dll
0x00007ff8784f0000 - 0x00007ff8784fa000 	C:\Windows\System32\rasadhlp.dll
0x00007ff879c80000 - 0x00007ff879d01000 	C:\WINDOWS\System32\fwpuclnt.dll
0x00007ff87fd60000 - 0x00007ff87fd78000 	C:\WINDOWS\SYSTEM32\CRYPTSP.dll
0x00007ff87f5b0000 - 0x00007ff87f5e5000 	C:\WINDOWS\system32\rsaenh.dll
0x00007ff87fbf0000 - 0x00007ff87fc19000 	C:\WINDOWS\SYSTEM32\USERENV.dll
0x00007ff87ff30000 - 0x00007ff87ff57000 	C:\WINDOWS\SYSTEM32\bcrypt.dll
0x00007ff87fd80000 - 0x00007ff87fd8c000 	C:\WINDOWS\SYSTEM32\CRYPTBASE.dll
0x00007ff87b110000 - 0x00007ff87b129000 	C:\WINDOWS\SYSTEM32\dhcpcsvc6.DLL
0x00007ff87b6d0000 - 0x00007ff87b6ee000 	C:\WINDOWS\SYSTEM32\dhcpcsvc.DLL
0x00007ff82c480000 - 0x00007ff82c48e000 	C:\Users\MyComputer\Downloads\eclipse\plugins\org.eclipse.justj.openjdk.hotspot.jre.full.win32.x86_64_17.0.2.v20220201-1208\jre\bin\sunmscapi.dll
0x00007ff880d60000 - 0x00007ff880ec2000 	C:\WINDOWS\System32\CRYPT32.dll
0x00007ff87ff00000 - 0x00007ff87ff28000 	C:\WINDOWS\SYSTEM32\ncrypt.dll
0x00007ff87fec0000 - 0x00007ff87fef7000 	C:\WINDOWS\SYSTEM32\NTASN1.dll
0x00007ff87c070000 - 0x00007ff87c078000 	C:\WINDOWS\system32\wshunix.dll

dbghelp: loaded successfully - version: 4.0.5 - missing functions: none
symbol engine: initialized successfully - sym options: 0x614 - pdb path: .;C:\Users\MyComputer\Downloads\eclipse\plugins\org.eclipse.justj.openjdk.hotspot.jre.full.win32.x86_64_17.0.2.v20220201-1208\jre\bin;C:\WINDOWS\SYSTEM32;C:\WINDOWS\WinSxS\amd64_microsoft.windows.common-controls_6595b64144ccf1df_6.0.22000.120_none_9d947278b86cc467;C:\Users\MyComputer\Downloads\eclipse\plugins\org.eclipse.justj.openjdk.hotspot.jre.full.win32.x86_64_17.0.2.v20220201-1208\jre\bin\server

VM Arguments:
jvm_args: -Dfile.encoding=UTF-8 -XX:+ShowCodeDetailsInExceptionMessages 
java_command: com.jmpc.app.loanpayment.LoanPaymentApplication
java_class_path (initial): C:\Users\MyComputer\eclipse-workspace\loan-payment\target\classes;C:\Users\MyComputer\.m2\repository\org\springframework\boot\spring-boot-starter-data-jpa\2.6.7\spring-boot-starter-data-jpa-2.6.7.jar;C:\Users\MyComputer\.m2\repository\org\springframework\boot\spring-boot-starter-aop\2.6.7\spring-boot-starter-aop-2.6.7.jar;C:\Users\MyComputer\.m2\repository\org\springframework\spring-aop\5.3.19\spring-aop-5.3.19.jar;C:\Users\MyComputer\.m2\repository\org\aspectj\aspectjweaver\1.9.7\aspectjweaver-1.9.7.jar;C:\Users\MyComputer\.m2\repository\org\springframework\boot\spring-boot-starter-jdbc\2.6.7\spring-boot-starter-jdbc-2.6.7.jar;C:\Users\MyComputer\.m2\repository\com\zaxxer\HikariCP\4.0.3\HikariCP-4.0.3.jar;C:\Users\MyComputer\.m2\repository\org\springframework\spring-jdbc\5.3.19\spring-jdbc-5.3.19.jar;C:\Users\MyComputer\.m2\repository\jakarta\transaction\jakarta.transaction-api\1.3.3\jakarta.transaction-api-1.3.3.jar;C:\Users\MyComputer\.m2\repository\jakarta\persistence\jakarta.persistence-api\2.2.3\jakarta.persistence-api-2.2.3.jar;C:\Users\MyComputer\.m2\repository\org\springframework\data\spring-data-jpa\2.6.4\spring-data-jpa-2.6.4.jar;C:\Users\MyComputer\.m2\repository\org\springframework\data\spring-data-commons\2.6.4\spring-data-commons-2.6.4.jar;C:\Users\MyComputer\.m2\repository\org\springframework\spring-orm\5.3.19\spring-orm-5.3.19.jar;C:\Users\MyComputer\.m2\repository\org\springframework\spring-context\5.3.19\spring-context-5.3.19.jar;C:\Users\MyComputer\.m2\repository\org\springframework\spring-tx\5.3.19\spring-tx-5.3.19.jar;C:\Users\MyComputer\.m2\repository\org\springframework\spring-beans\5.3.19\spring-beans-5.3.19.jar;C:\Users\MyComputer\.m2\repository\org\slf4j\slf4j-api\1.7.36\slf4j-api-1.7.36.jar;C:\Users\MyComputer\.m2\repository\org\springframework\spring-aspects\5.3.19\spring-aspects-5.3.19.jar;C:\Users\MyComputer\.m2\repository\org\springframework\boot\spring-boot-starter-web\2.6.7\spring-boot-starter-web-2.6.7.
Launcher Type: SUN_STANDARD

[Global flags]
     intx CICompilerCount                          = 4                                         {product} {ergonomic}
     uint ConcGCThreads                            = 3                                         {product} {ergonomic}
     uint G1ConcRefinementThreads                  = 10                                        {product} {ergonomic}
   size_t G1HeapRegionSize                         = 2097152                                   {product} {ergonomic}
    uintx GCDrainStackTargetSize                   = 64                                        {product} {ergonomic}
   size_t InitialHeapSize                          = 268435456                                 {product} {ergonomic}
   size_t MarkStackSize                            = 4194304                                   {product} {ergonomic}
   size_t MaxHeapSize                              = 4278190080                                {product} {ergonomic}
   size_t MaxNewSize                               = 2566914048                                {product} {ergonomic}
   size_t MinHeapDeltaBytes                        = 2097152                                   {product} {ergonomic}
   size_t MinHeapSize                              = 8388608                                   {product} {ergonomic}
    uintx NonNMethodCodeHeapSize                   = 5839372                                {pd product} {ergonomic}
    uintx NonProfiledCodeHeapSize                  = 122909434                              {pd product} {ergonomic}
    uintx ProfiledCodeHeapSize                     = 122909434                              {pd product} {ergonomic}
    uintx ReservedCodeCacheSize                    = 251658240                              {pd product} {ergonomic}
     bool SegmentedCodeCache                       = true                                      {product} {ergonomic}
     bool ShowCodeDetailsInExceptionMessages       = true                                   {manageable} {command line}
   size_t SoftMaxHeapSize                          = 4278190080                             {manageable} {ergonomic}
     bool UseCompressedClassPointers               = true                           {product lp64_product} {ergonomic}
     bool UseCompressedOops                        = true                           {product lp64_product} {ergonomic}
     bool UseG1GC                                  = true                                      {product} {ergonomic}
     bool UseLargePagesIndividualAllocation        = false                                  {pd product} {ergonomic}

Logging:
Log output configuration:
 #0: stdout all=warning uptime,level,tags
 #1: stderr all=off uptime,level,tags

Environment Variables:
JAVA_HOME=C:\Program Files\Java\jdk-18.0.1
PATH=C:/Users/MyComputer/Downloads/eclipse-java-2022-03-R-win32-x86_64/eclipse//plugins/org.eclipse.justj.openjdk.hotspot.jre.full.win32.x86_64_17.0.2.v20220201-1208/jre/bin/server;C:/Users/MyComputer/Downloads/eclipse-java-2022-03-R-win32-x86_64/eclipse//plugins/org.eclipse.justj.openjdk.hotspot.jre.full.win32.x86_64_17.0.2.v20220201-1208/jre/bin;C:\Program Files (x86)\Common Files\Oracle\Java\javapath;C:\Program Files\Common Files\Oracle\Java\javapath;C:\Windows\system32;C:\Windows;C:\Windows\System32\Wbem;C:\Windows\System32\WindowsPowerShell\v1.0\;C:\Windows\System32\OpenSSH\;C:\Program Files (x86)\NVIDIA Corporation\PhysX\Common;C:\Program Files\NVIDIA Corporation\NVIDIA NvDLISR;C:\Program Files\Microsoft VS Code\bin;C:\Program Files\nodejs\;C:\Program Files\Microsoft SQL Server\Client SDK\ODBC\110\Tools\Binn\;C:\Program Files (x86)\Microsoft SQL Server\120\Tools\Binn\;C:\Program Files\Microsoft SQL Server\120\Tools\Binn\;C:\Program Files\Microsoft SQL Server\120\DTS\Binn\;C:\Program Files (x86)\Windows Kits\8.1\Windows Performance Toolkit\;C:\Program Files\MATLAB\R2021a\bin;C:\WINDOWS\system32;C:\WINDOWS;C:\WINDOWS\System32\Wbem;C:\WINDOWS\System32\WindowsPowerShell\v1.0\;C:\WINDOWS\System32\OpenSSH\;C:\Program Files\Java\jdk-18.0.1\bin;C:\Program Files\Git\cmd;C:\Users\MyComputer\AppData\Local\Programs\Python\Python38\Scripts\;C:\Users\MyComputer\AppData\Local\Programs\Python\Python38\;C:\Users\MyComputer\AppData\Local\Microsoft\WindowsApps;C:\Users\MyComputer\AppData\Roaming\npm;C:\Program Files\JetBrains\IntelliJ IDEA Community Edition 2022.1\bin;;C:\Program Files (x86)\Brackets\;C:\Users\MyComputer\AppData\Local\GitHubDesktop\bin;C:\Users\MyComputer\Downloads\eclipse-java-2022-03-R-win32-x86_64\eclipse;
USERNAME=MyComputer
OS=Windows_NT
PROCESSOR_IDENTIFIER=AMD64 Family 23 Model 113 Stepping 0, AuthenticAMD



---------------  S Y S T E M  ---------------

OS:
 Windows 11 , 64 bit Build 22000 (10.0.22000.675)
OS uptime: 0 days 2:12 hours

CPU: total 12 (initial active 12) (12 cores per cpu, 2 threads per core) family 23 model 113 stepping 0 microcode 0x0, cx8, cmov, fxsr, ht, mmx, 3dnowpref, sse, sse2, sse3, ssse3, sse4a, sse4.1, sse4.2, popcnt, lzcnt, tsc, tscinvbit, avx, avx2, aes, clmul, bmi1, bmi2, adx, sha, fma, vzeroupper, clflush, clflushopt

Memory: 4k page, system-wide physical 16313M (4568M free)
TotalPageFile size 31557M (AvailPageFile size 6M)
current process WorkingSet (physical memory assigned to process): 312M, peak: 351M
current process commit charge ("private bytes"): 379M, peak: 418M

vm_info: OpenJDK 64-Bit Server VM (17.0.2+8) for windows-amd64 JRE (17.0.2+8), built on Jan 20 2022 04:52:34 by "" with MS VC++ 16.7 (VS2019)

END.
